<?xml version="1.0" encoding="UTF-8"?>
<testng-results ignored="0" total="4" passed="3" failed="1" skipped="0">
  <reporter-output>
  </reporter-output>
  <suite started-at="2020-06-08T17:44:14 SAST" name="Suite" finished-at="2020-06-08T17:45:12 SAST" duration-ms="58542">
    <groups>
    </groups>
    <test started-at="2020-06-08T17:44:14 SAST" name="Test" finished-at="2020-06-08T17:44:35 SAST" duration-ms="21577">
      <class name="com.TestFrame.suiteFull.HomePage">
        <test-method signature="homePageNavigation(java.lang.String, java.lang.String)[pri:0, instance:com.TestFrame.suiteFull.HomePage@29ca3d04]" started-at="2020-06-08T17:44:14 SAST" name="homePageNavigation" data-provider="getData" finished-at="2020-06-08T17:44:25 SAST" duration-ms="11424" status="PASS">
          <params>
            <param index="0">
              <value>
                <![CDATA[leratomalatji@ymail.com]]>
              </value>
            </param>
            <param index="1">
              <value>
                <![CDATA[jump.123]]>
              </value>
            </param>
          </params>
          <reporter-output>
          </reporter-output>
        </test-method> <!-- homePageNavigation -->
        <test-method signature="homePageNavigation(java.lang.String, java.lang.String)[pri:0, instance:com.TestFrame.suiteFull.HomePage@29ca3d04]" started-at="2020-06-08T17:44:25 SAST" name="homePageNavigation" data-provider="getData" finished-at="2020-06-08T17:44:35 SAST" duration-ms="9912" status="PASS">
          <params>
            <param index="0">
              <value>
                <![CDATA[leratom@commandquality.co.za]]>
              </value>
            </param>
            <param index="1">
              <value>
                <![CDATA[12345]]>
              </value>
            </param>
          </params>
          <reporter-output>
          </reporter-output>
        </test-method> <!-- homePageNavigation -->
        <test-method is-config="true" signature="teardown()[pri:0, instance:com.TestFrame.suiteFull.HomePage@29ca3d04]" started-at="2020-06-08T17:44:35 SAST" name="teardown" finished-at="2020-06-08T17:44:35 SAST" duration-ms="206" status="PASS">
          <reporter-output>
          </reporter-output>
        </test-method> <!-- teardown -->
      </class> <!-- com.TestFrame.suiteFull.HomePage -->
    </test> <!-- Test -->
    <test started-at="2020-06-08T17:44:35 SAST" name="validateTitle" finished-at="2020-06-08T17:45:12 SAST" duration-ms="36908">
      <class name="com.TestFrame.suiteFull.ValidateTitle">
        <test-method is-config="true" signature="startInit()[pri:0, instance:com.TestFrame.suiteFull.ValidateTitle@6bca7e0d]" started-at="2020-06-08T17:44:35 SAST" name="startInit" finished-at="2020-06-08T17:45:11 SAST" duration-ms="36022" status="PASS">
          <reporter-output>
          </reporter-output>
        </test-method> <!-- startInit -->
        <test-method signature="homePageNavigation()[pri:0, instance:com.TestFrame.suiteFull.ValidateTitle@6bca7e0d]" started-at="2020-06-08T17:45:11 SAST" name="homePageNavigation" finished-at="2020-06-08T17:45:11 SAST" duration-ms="49" status="FAIL">
          <exception class="java.lang.AssertionError">
            <message>
              <![CDATA[expected:<FEATURED COURSESx> but was:<FEATURED COURSES>]]>
            </message>
            <full-stacktrace>
              <![CDATA[java.lang.AssertionError: expected:<FEATURED COURSESx> but was:<FEATURED COURSES>
at org.testng.AssertJUnit.assertEquals(AssertJUnit.java:82)
at org.testng.AssertJUnit.assertEquals(AssertJUnit.java:87)
at com.TestFrame.suiteFull.ValidateTitle.homePageNavigation(ValidateTitle.java:47)
at java.base/jdk.internal.reflect.NativeMethodAccessorImpl.invoke0(Native Method)
at java.base/jdk.internal.reflect.NativeMethodAccessorImpl.invoke(NativeMethodAccessorImpl.java:62)
at java.base/jdk.internal.reflect.DelegatingMethodAccessorImpl.invoke(DelegatingMethodAccessorImpl.java:43)
at java.base/java.lang.reflect.Method.invoke(Method.java:566)
at org.testng.internal.MethodInvocationHelper.invokeMethod(MethodInvocationHelper.java:135)
at org.testng.internal.TestInvoker.invokeMethod(TestInvoker.java:598)
at org.testng.internal.TestInvoker.invokeTestMethod(TestInvoker.java:174)
at org.testng.internal.MethodRunner.runInSequence(MethodRunner.java:46)
at org.testng.internal.TestInvoker$MethodInvocationAgent.invoke(TestInvoker.java:821)
at org.testng.internal.TestInvoker.invokeTestMethods(TestInvoker.java:147)
at org.testng.internal.TestMethodWorker.invokeTestMethods(TestMethodWorker.java:146)
at org.testng.internal.TestMethodWorker.run(TestMethodWorker.java:128)
at java.base/java.util.ArrayList.forEach(ArrayList.java:1540)
at org.testng.TestRunner.privateRun(TestRunner.java:767)
at org.testng.TestRunner.run(TestRunner.java:588)
at org.testng.SuiteRunner.runTest(SuiteRunner.java:384)
at org.testng.SuiteRunner.runSequentially(SuiteRunner.java:378)
at org.testng.SuiteRunner.privateRun(SuiteRunner.java:337)
at org.testng.SuiteRunner.run(SuiteRunner.java:286)
at org.testng.SuiteRunnerWorker.runSuite(SuiteRunnerWorker.java:53)
at org.testng.SuiteRunnerWorker.run(SuiteRunnerWorker.java:96)
at org.testng.TestNG.runSuitesSequentially(TestNG.java:1214)
at org.testng.TestNG.runSuitesLocally(TestNG.java:1136)
at org.testng.TestNG.runSuites(TestNG.java:1066)
at org.testng.TestNG.run(TestNG.java:1034)
at org.testng.remote.AbstractRemoteTestNG.run(AbstractRemoteTestNG.java:115)
at org.testng.remote.RemoteTestNG.initAndRun(RemoteTestNG.java:251)
at org.testng.remote.RemoteTestNG.main(RemoteTestNG.java:77)
]]>
            </full-stacktrace>
          </exception> <!-- java.lang.AssertionError -->
          <reporter-output>
          </reporter-output>
        </test-method> <!-- homePageNavigation -->
        <test-method is-config="true" signature="teardown()[pri:0, instance:com.TestFrame.suiteFull.ValidateTitle@6bca7e0d]" started-at="2020-06-08T17:45:12 SAST" name="teardown" finished-at="2020-06-08T17:45:12 SAST" duration-ms="167" status="PASS">
          <reporter-output>
          </reporter-output>
        </test-method> <!-- teardown -->
      </class> <!-- com.TestFrame.suiteFull.ValidateTitle -->
    </test> <!-- validateTitle -->
    <test started-at="2020-06-08T17:45:12 SAST" name="appTest" finished-at="2020-06-08T17:45:12 SAST" duration-ms="8">
      <class name="com.TestFrame.suiteFull.AppTest">
        <test-method signature="shouldAnswerWithTrue()[pri:0, instance:com.TestFrame.suiteFull.AppTest@42039326]" started-at="2020-06-08T17:45:12 SAST" name="shouldAnswerWithTrue" finished-at="2020-06-08T17:45:12 SAST" duration-ms="3" status="PASS">
          <reporter-output>
          </reporter-output>
        </test-method> <!-- shouldAnswerWithTrue -->
      </class> <!-- com.TestFrame.suiteFull.AppTest -->
    </test> <!-- appTest -->
  </suite> <!-- Suite -->
</testng-results>
